\BOOKMARK [1][-]{section.1}{Lecture 1 - 1/6}{}% 1
\BOOKMARK [2][-]{subsection.1.1}{Sard's Theorem}{section.1}% 2
\BOOKMARK [1][-]{section.2}{Lecture 2 - 1/8}{}% 3
\BOOKMARK [2][-]{subsection.2.1}{Transversality day 1}{section.2}% 4
\BOOKMARK [1][-]{section.3}{Lecture 3 - 1/10}{}% 5
\BOOKMARK [2][-]{subsection.3.1}{Transversality day 2}{section.3}% 6
\BOOKMARK [3][-]{subsubsection.3.1.1}{Transverse Homotopy Theorem}{subsection.3.1}% 7
\BOOKMARK [1][-]{section.4}{Lecture 4 - 1/13}{}% 8
\BOOKMARK [2][-]{subsection.4.1}{Morse Functions}{section.4}% 9
\BOOKMARK [1][-]{section.5}{Lecture 5 - 1/15}{}% 10
\BOOKMARK [2][-]{subsection.5.1}{Whitney Embedding Theorem}{section.5}% 11
\BOOKMARK [1][-]{section.6}{Lecture 6 - 1/17}{}% 12
\BOOKMARK [2][-]{subsection.6.1}{Orientations day 1}{section.6}% 13
\BOOKMARK [3][-]{subsubsection.6.1.1}{Oriented Vector Spaces}{subsection.6.1}% 14
\BOOKMARK [3][-]{subsubsection.6.1.2}{Oriented Manifolds}{subsection.6.1}% 15
\BOOKMARK [1][-]{section.7}{Lecture 7 - 1/22}{}% 16
\BOOKMARK [2][-]{subsection.7.1}{Oriented Intersection Numbers}{section.7}% 17
\BOOKMARK [3][-]{subsubsection.7.1.1}{More on orientation}{subsection.7.1}% 18
\BOOKMARK [3][-]{subsubsection.7.1.2}{Oriented Intersection Numbers}{subsection.7.1}% 19
\BOOKMARK [1][-]{section.8}{Lecture 8 - 1/24}{}% 20
\BOOKMARK [2][-]{subsection.8.1}{Degree}{section.8}% 21
\BOOKMARK [1][-]{section.9}{Lecture 9 - 1/27}{}% 22
\BOOKMARK [2][-]{subsection.9.1}{Winding Numbers}{section.9}% 23
\BOOKMARK [2][-]{subsection.9.2}{Jordan-Brouwer Separation Theorem}{section.9}% 24
\BOOKMARK [1][-]{section.10}{Lecture 10 - 1/29}{}% 25
\BOOKMARK [2][-]{subsection.10.1}{Borsuk - Ulam Theorem}{section.10}% 26
\BOOKMARK [2][-]{subsection.10.2}{More on Intersection Theory}{section.10}% 27
\BOOKMARK [1][-]{section.11}{Lecture 11 - 2/3}{}% 28
\BOOKMARK [2][-]{subsection.11.1}{Euler Characteristic}{section.11}% 29
\BOOKMARK [2][-]{subsection.11.2}{Lefschetz Fixed Point Theory}{section.11}% 30
\BOOKMARK [2][-]{subsection.11.3}{Local Calculations}{section.11}% 31
\BOOKMARK [1][-]{section.12}{Lecture 12 - 2/5}{}% 32
\BOOKMARK [2][-]{subsection.12.1}{Lefschetz Fixed Point Theory day 2}{section.12}% 33
\BOOKMARK [3][-]{subsubsection.12.1.1}{Isolated fixed points not of Lefschetz type}{subsection.12.1}% 34
\BOOKMARK [3][-]{subsubsection.12.1.2}{The Lefschetz fixed point theorem}{subsection.12.1}% 35
\BOOKMARK [1][-]{section.13}{Lecture 13 - 2/12}{}% 36
\BOOKMARK [2][-]{subsection.13.1}{Poincar\351-Hopf Theorem}{section.13}% 37
\BOOKMARK [1][-]{section.14}{Lecture 14 - 2/13}{}% 38
\BOOKMARK [2][-]{subsection.14.1}{Framed Cobordisms and the Pontryagin Construction}{section.14}% 39
\BOOKMARK [3][-]{subsubsection.14.1.1}{Smooth Approximations}{subsection.14.1}% 40
\BOOKMARK [3][-]{subsubsection.14.1.2}{Framed Cobordisms}{subsection.14.1}% 41
\BOOKMARK [3][-]{subsubsection.14.1.3}{Main Results}{subsection.14.1}% 42
\BOOKMARK [1][-]{section.15}{Lecture 15 - 2/14}{}% 43
\BOOKMARK [1][-]{section.16}{Lecture 16 - 2/19}{}% 44
\BOOKMARK [2][-]{subsection.16.1}{The Hopf Degree Theorem}{section.16}% 45
\BOOKMARK [1][-]{section.17}{Lecture 17 - 2/20}{}% 46
\BOOKMARK [2][-]{subsection.17.1}{Classification of Vector Bundles}{section.17}% 47
\BOOKMARK [3][-]{subsubsection.17.1.1}{Definitions}{subsection.17.1}% 48
\BOOKMARK [3][-]{subsubsection.17.1.2}{The Universal Bundle}{subsection.17.1}% 49
\BOOKMARK [3][-]{subsubsection.17.1.3}{Classification}{subsection.17.1}% 50
\BOOKMARK [1][-]{section.18}{Lecture 18 - 2/21}{}% 51
\BOOKMARK [2][-]{subsection.18.1}{Cobordisms and Thom's work}{section.18}% 52
\BOOKMARK [1][-]{section.19}{Lecture 19 - 2/24}{}% 53
\BOOKMARK [2][-]{subsection.19.1}{More de Rham Theory}{section.19}% 54
\BOOKMARK [3][-]{subsubsection.19.1.1}{Poincar\351 Lemma}{subsection.19.1}% 55
\BOOKMARK [1][-]{section.20}{Lecture 20 - 2/26}{}% 56
\BOOKMARK [2][-]{subsection.20.1}{Poincar\351 Duality}{section.20}% 57
\BOOKMARK [3][-]{subsubsection.20.1.1}{Poincar\351 Lemma cont.}{subsection.20.1}% 58
\BOOKMARK [3][-]{subsubsection.20.1.2}{Poincar\351 Duality}{subsection.20.1}% 59
\BOOKMARK [1][-]{section.21}{Lecture 21 - 2/28}{}% 60
\BOOKMARK [2][-]{subsection.21.1}{Compact Vertical Cohomology}{section.21}% 61
\BOOKMARK [1][-]{section.22}{Lecture 22 - 3/2}{}% 62
\BOOKMARK [2][-]{subsection.22.1}{Poincar\351 Dual of a Submanifold}{section.22}% 63
